<?xml version="1.0" encoding="UTF-8"?>
<testng-results skipped="0" failed="0" total="2" passed="2">
  <reporter-output>
  </reporter-output>
  <suite name="Default suite" duration-ms="42309" started-at="2020-03-31T06:29:21Z" finished-at="2020-03-31T06:30:04Z">
    <groups>
    </groups>
    <test name="Default test" duration-ms="42309" started-at="2020-03-31T06:29:21Z" finished-at="2020-03-31T06:30:04Z">
      <class name="aamc.ui.runner.TestRunner">
        <test-method status="PASS" signature="setUP()[pri:0, instance:aamc.ui.runner.TestRunner@cc285f4]" name="setUP" is-config="true" duration-ms="3459" started-at="2020-03-31T06:29:21Z" finished-at="2020-03-31T06:29:25Z">
        </test-method> <!-- setUP -->
        <test-method status="PASS" signature="login(cucumber.api.testng.CucumberFeatureWrapper)[pri:0, instance:aamc.ui.runner.TestRunner@cc285f4]" name="login" duration-ms="25019" started-at="2020-03-31T06:29:25Z" description="login" data-provider="features" finished-at="2020-03-31T06:29:50Z">
          <params>
            <param index="0">
              <value>
                <![CDATA[Dashboard]]>
              </value>
            </param>
          </params>
        </test-method> <!-- login -->
        <test-method status="PASS" signature="login(cucumber.api.testng.CucumberFeatureWrapper)[pri:0, instance:aamc.ui.runner.TestRunner@cc285f4]" name="login" duration-ms="11279" started-at="2020-03-31T06:29:50Z" description="login" data-provider="features" finished-at="2020-03-31T06:30:01Z">
          <params>
            <param index="0">
              <value>
                <![CDATA[Login To PDWS]]>
              </value>
            </param>
          </params>
        </test-method> <!-- login -->
        <test-method status="PASS" signature="tearDown()[pri:0, instance:aamc.ui.runner.TestRunner@cc285f4]" name="tearDown" is-config="true" duration-ms="2438" started-at="2020-03-31T06:30:01Z" finished-at="2020-03-31T06:30:04Z">
        </test-method> <!-- tearDown -->
      </class> <!-- aamc.ui.runner.TestRunner -->
    </test> <!-- Default test -->
  </suite> <!-- Default suite -->
</testng-results>
